<?xml version="1.0" encoding="UTF-8"?>
<testng-results ignored="0" total="3" passed="3" failed="0" skipped="0">
  <reporter-output>
  </reporter-output>
  <suite started-at="2019-11-25T18:14:11Z" name="Suite" finished-at="2019-11-25T18:14:49Z" duration-ms="37404">
    <groups>
    </groups>
    <test started-at="2019-11-25T18:14:11Z" name="Test" finished-at="2019-11-25T18:14:49Z" duration-ms="37404">
      <class name="remoteTesting.ChromeTestTwo">
        <test-method signature="Test2()[pri:0, instance:remoteTesting.ChromeTestTwo@7c6908d7]" started-at="2019-11-25T18:14:25Z" name="Test2" finished-at="2019-11-25T18:14:37Z" duration-ms="11238" status="PASS">
          <reporter-output>
          </reporter-output>
        </test-method> <!-- Test2 -->
      </class> <!-- remoteTesting.ChromeTestTwo -->
      <class name="remoteTesting.ChromeTestThree">
        <test-method signature="Test3()[pri:0, instance:remoteTesting.ChromeTestThree@3c9754d8]" started-at="2019-11-25T18:14:25Z" name="Test3" finished-at="2019-11-25T18:14:35Z" duration-ms="9317" status="PASS">
          <reporter-output>
          </reporter-output>
        </test-method> <!-- Test3 -->
      </class> <!-- remoteTesting.ChromeTestThree -->
      <class name="remoteTesting.ChromeTestOne">
        <test-method is-config="true" signature="startDocker()[pri:0, instance:remoteTesting.ChromeTestOne@198b6731]" started-at="2019-11-25T18:14:11Z" name="startDocker" finished-at="2019-11-25T18:14:25Z" duration-ms="14064" status="PASS">
          <reporter-output>
          </reporter-output>
        </test-method> <!-- startDocker -->
        <test-method signature="Test1()[pri:0, instance:remoteTesting.ChromeTestOne@198b6731]" started-at="2019-11-25T18:14:25Z" name="Test1" finished-at="2019-11-25T18:14:33Z" duration-ms="7237" status="PASS">
          <reporter-output>
          </reporter-output>
        </test-method> <!-- Test1 -->
        <test-method is-config="true" signature="stopDocker()[pri:0, instance:remoteTesting.ChromeTestOne@198b6731]" started-at="2019-11-25T18:14:37Z" name="stopDocker" finished-at="2019-11-25T18:14:49Z" duration-ms="12057" status="PASS">
          <reporter-output>
          </reporter-output>
        </test-method> <!-- stopDocker -->
      </class> <!-- remoteTesting.ChromeTestOne -->
    </test> <!-- Test -->
  </suite> <!-- Suite -->
</testng-results>
