<?xml version="1.0" encoding="UTF-8"?>
<!-- Generated by org.testng.reporters.JUnitXMLReporter -->
<testsuite ignored="0" hostname="B2MLPV2" failures="0" tests="3" name="Test" time="37.404" errors="0" timestamp="25 nov. 2019 18:14:49 GMT">
  <testcase classname="remoteTesting.ChromeTestOne" name="Test1" time="7.237"/>
  <testcase classname="remoteTesting.ChromeTestThree" name="Test3" time="9.317"/>
  <testcase classname="remoteTesting.ChromeTestTwo" name="Test2" time="11.238"/>
</testsuite> <!-- Test -->
